2015-08-03 15:48:21,288 - Log4JLogChute initialized using file 'velocity.log'
2015-08-03 15:48:21,289 - Initializing Velocity, Calling init()...
2015-08-03 15:48:21,289 - Starting Apache Velocity v1.7 (compiled: 2010-11-19 12:14:37)
2015-08-03 15:48:21,289 - Default Properties File: org/apache/velocity/runtime/defaults/velocity.properties
2015-08-03 15:48:21,289 - Trying to use logger class org.apache.velocity.runtime.log.AvalonLogChute
2015-08-03 15:48:21,289 - Target log system for org.apache.velocity.runtime.log.AvalonLogChute is not available (java.lang.NoClassDefFoundError: org/apache/log/format/Formatter).  Falling back to next log system...
2015-08-03 15:48:21,289 - Trying to use logger class org.apache.velocity.runtime.log.Log4JLogChute
2015-08-03 15:48:21,289 - Using logger class org.apache.velocity.runtime.log.Log4JLogChute
2015-08-03 15:48:21,291 - ResourceLoader instantiated: org.apache.velocity.runtime.resource.loader.ClasspathResourceLoader
2015-08-03 15:48:21,302 - ResourceCache: initialized (class org.apache.velocity.runtime.resource.ResourceCacheImpl) with class java.util.Collections$SynchronizedMap cache map.
2015-08-03 15:48:21,303 - Loaded System Directive: org.apache.velocity.runtime.directive.Stop
2015-08-03 15:48:21,304 - Loaded System Directive: org.apache.velocity.runtime.directive.Define
2015-08-03 15:48:21,304 - Loaded System Directive: org.apache.velocity.runtime.directive.Break
2015-08-03 15:48:21,304 - Loaded System Directive: org.apache.velocity.runtime.directive.Evaluate
2015-08-03 15:48:21,305 - Loaded System Directive: org.apache.velocity.runtime.directive.Literal
2015-08-03 15:48:21,306 - Loaded System Directive: org.apache.velocity.runtime.directive.Macro
2015-08-03 15:48:21,307 - Loaded System Directive: org.apache.velocity.runtime.directive.Parse
2015-08-03 15:48:21,308 - Loaded System Directive: org.apache.velocity.runtime.directive.Include
2015-08-03 15:48:21,308 - Loaded System Directive: org.apache.velocity.runtime.directive.Foreach
2015-08-03 15:48:21,332 - Created '20' parsers.
2015-08-03 15:48:21,337 - Velocimacro : "velocimacro.library" is not set.  Trying default library: VM_global_library.vm
2015-08-03 15:48:21,337 - Could not load resource 'VM_global_library.vm' from ResourceLoader org.apache.velocity.runtime.resource.loader.ClasspathResourceLoader: ClasspathResourceLoader Error: cannot find resource VM_global_library.vm
2015-08-03 15:48:21,337 - Velocimacro : Default library not found.
2015-08-03 15:48:21,337 - Velocimacro : allowInline = true : VMs can be defined inline in templates
2015-08-03 15:48:21,338 - Velocimacro : allowInlineToOverride = false : VMs defined inline may NOT replace previous VM definitions
2015-08-03 15:48:21,338 - Velocimacro : allowInlineLocal = false : VMs defined inline will be global in scope if allowed.
2015-08-03 15:48:21,338 - Velocimacro : autoload off : VM system will not automatically reload global library macros
